This is XeTeX, Version 3.14159265-2.6-0.999991 (MiKTeX 2.9.7050 64-bit) (preloaded format=xelatex 2019.7.8)  8 JUL 2019 16:57
entering extended mode
**C:/Users/srv_veralab/Downloads/pawan_thesis-20190708T215338Z-001/pawan_thesis
/pawan_thesis.tex

(C:/Users/srv_veralab/Downloads/pawan_thesis-20190708T215338Z-001/pawan_thesis/
pawan_thesis.tex
LaTeX2e <2018-12-01>

(C:/Users/srv_veralab/Downloads/pawan_thesis-20190708T215338Z-001/pawan_thesis\
UTRGVthesis.cls
Document Class: UTRGVthesis 2016/09/01 UTRGV Theses and Dissertations

("C:\Users\srv_veralab\AppData\Local\Programs\MiKTeX 2.9\tex/latex/psnfss\mathp
tmx.sty"
Package: mathptmx 2005/04/12 PSNFSS-v9.2a Times w/ Math, improved (SPQR, WaS) 
LaTeX Font Info:    Redeclaring symbol font `operators' on input line 28.
LaTeX Font Info:    Overwriting symbol font `operators' in version `normal'
(Font)                  OT1/cmr/m/n --> OT1/ztmcm/m/n on input line 28.
LaTeX Font Info:    Overwriting symbol font `operators' in version `bold'
(Font)                  OT1/cmr/bx/n --> OT1/ztmcm/m/n on input line 28.
LaTeX Font Info:    Redeclaring symbol font `letters' on input line 29.
LaTeX Font Info:    Overwriting symbol font `letters' in version `normal'
(Font)                  OML/cmm/m/it --> OML/ztmcm/m/it on input line 29.
LaTeX Font Info:    Overwriting symbol font `letters' in version `bold'
(Font)                  OML/cmm/b/it --> OML/ztmcm/m/it on input line 29.
LaTeX Font Info:    Redeclaring symbol font `symbols' on input line 30.
LaTeX Font Info:    Overwriting symbol font `symbols' in version `normal'
(Font)                  OMS/cmsy/m/n --> OMS/ztmcm/m/n on input line 30.
LaTeX Font Info:    Overwriting symbol font `symbols' in version `bold'
(Font)                  OMS/cmsy/b/n --> OMS/ztmcm/m/n on input line 30.
LaTeX Font Info:    Redeclaring symbol font `largesymbols' on input line 31.
LaTeX Font Info:    Overwriting symbol font `largesymbols' in version `normal'
(Font)                  OMX/cmex/m/n --> OMX/ztmcm/m/n on input line 31.
LaTeX Font Info:    Overwriting symbol font `largesymbols' in version `bold'
(Font)                  OMX/cmex/m/n --> OMX/ztmcm/m/n on input line 31.
\symbold=\mathgroup4
\symitalic=\mathgroup5
LaTeX Font Info:    Redeclaring math alphabet \mathbf on input line 34.
LaTeX Font Info:    Overwriting math alphabet `\mathbf' in version `normal'
(Font)                  OT1/cmr/bx/n --> OT1/ptm/bx/n on input line 34.
LaTeX Font Info:    Overwriting math alphabet `\mathbf' in version `bold'
(Font)                  OT1/cmr/bx/n --> OT1/ptm/bx/n on input line 34.
LaTeX Font Info:    Redeclaring math alphabet \mathit on input line 35.
LaTeX Font Info:    Overwriting math alphabet `\mathit' in version `normal'
(Font)                  OT1/cmr/m/it --> OT1/ptm/m/it on input line 35.
LaTeX Font Info:    Overwriting math alphabet `\mathit' in version `bold'
(Font)                  OT1/cmr/bx/it --> OT1/ptm/m/it on input line 35.
LaTeX Info: Redefining \hbar on input line 50.
)
("C:\Users\srv_veralab\AppData\Local\Programs\MiKTeX 2.9\tex/latex/base\fontenc
.sty"
Package: fontenc 2018/08/11 v2.0j Standard LaTeX package

("C:\Users\srv_veralab\AppData\Local\Programs\MiKTeX 2.9\tex/latex/base\t1enc.d
ef"
File: t1enc.def 2018/08/11 v2.0j Standard LaTeX file
LaTeX Font Info:    Redeclaring font encoding T1 on input line 48.
)
LaTeX Font Info:    Try loading font information for T1+lmr on input line 105.

("C:\Users\srv_veralab\AppData\Local\Programs\MiKTeX 2.9\tex/latex/lm\t1lmr.fd"
File: t1lmr.fd 2009/10/30 v1.6 Font defs for Latin Modern
))
("C:\Users\srv_veralab\AppData\Local\Programs\MiKTeX 2.9\tex/latex/amsmath\amsm
ath.sty"
Package: amsmath 2018/12/01 v2.17b AMS math features
\@mathmargin=\skip41

For additional information on amsmath, use the `?' option.

("C:\Users\srv_veralab\AppData\Local\Programs\MiKTeX 2.9\tex/latex/amsmath\amst
ext.sty"
Package: amstext 2000/06/29 v2.01 AMS text

("C:\Users\srv_veralab\AppData\Local\Programs\MiKTeX 2.9\tex/latex/amsmath\amsg
en.sty"
File: amsgen.sty 1999/11/30 v2.0 generic functions
\@emptytoks=\toks14
\ex@=\dimen102
))
("C:\Users\srv_veralab\AppData\Local\Programs\MiKTeX 2.9\tex/latex/amsmath\amsb
sy.sty"
Package: amsbsy 1999/11/29 v1.2d Bold Symbols
\pmbraise@=\dimen103
)
("C:\Users\srv_veralab\AppData\Local\Programs\MiKTeX 2.9\tex/latex/amsmath\amso
pn.sty"
Package: amsopn 2016/03/08 v2.02 operator names
)
\inf@bad=\count80
LaTeX Info: Redefining \frac on input line 223.
\uproot@=\count81
\leftroot@=\count82
LaTeX Info: Redefining \overline on input line 385.
\classnum@=\count83
\DOTSCASE@=\count84
LaTeX Info: Redefining \ldots on input line 482.
LaTeX Info: Redefining \dots on input line 485.
LaTeX Info: Redefining \cdots on input line 606.
\Mathstrutbox@=\box27
\strutbox@=\box28
\big@size=\dimen104
LaTeX Font Info:    Redeclaring font encoding OML on input line 729.
LaTeX Font Info:    Redeclaring font encoding OMS on input line 730.
\macc@depth=\count85
\c@MaxMatrixCols=\count86
\dotsspace@=\muskip10
\c@parentequation=\count87
\dspbrk@lvl=\count88
\tag@help=\toks15
\row@=\count89
\column@=\count90
\maxfields@=\count91
\andhelp@=\toks16
\eqnshift@=\dimen105
\alignsep@=\dimen106
\tagshift@=\dimen107
\tagwidth@=\dimen108
\totwidth@=\dimen109
\lineht@=\dimen110
\@envbody=\toks17
\multlinegap=\skip42
\multlinetaggap=\skip43
\mathdisplay@stack=\toks18
LaTeX Info: Redefining \[ on input line 2844.
LaTeX Info: Redefining \] on input line 2845.
)
("C:\Users\srv_veralab\AppData\Local\Programs\MiKTeX 2.9\tex/latex/geometry\geo
metry.sty"
Package: geometry 2018/04/16 v5.8 Page Geometry

("C:\Users\srv_veralab\AppData\Local\Programs\MiKTeX 2.9\tex/latex/graphics\key
val.sty"
Package: keyval 2014/10/28 v1.15 key=value parser (DPC)
\KV@toks@=\toks19
)
("C:\Users\srv_veralab\AppData\Local\Programs\MiKTeX 2.9\tex/generic/oberdiek\i
fpdf.sty"
Package: ifpdf 2018/09/07 v3.3 Provides the ifpdf switch
)
("C:\Users\srv_veralab\AppData\Local\Programs\MiKTeX 2.9\tex/generic/oberdiek\i
fvtex.sty"
Package: ifvtex 2016/05/16 v1.6 Detect VTeX and its facilities (HO)
Package ifvtex Info: VTeX not detected.
)
("C:\Users\srv_veralab\AppData\Local\Programs\MiKTeX 2.9\tex/generic/ifxetex\if
xetex.sty"
Package: ifxetex 2010/09/12 v0.6 Provides ifxetex conditional
)
\Gm@cnth=\count92
\Gm@cntv=\count93
\c@Gm@tempcnt=\count94
\Gm@bindingoffset=\dimen111
\Gm@wd@mp=\dimen112
\Gm@odd@mp=\dimen113
\Gm@even@mp=\dimen114
\Gm@layoutwidth=\dimen115
\Gm@layoutheight=\dimen116
\Gm@layouthoffset=\dimen117
\Gm@layoutvoffset=\dimen118
\Gm@dimlist=\toks20

("C:\Users\srv_veralab\AppData\Local\Programs\MiKTeX 2.9\tex/xelatex/xetexconfi
g\geometry.cfg"))
("C:\Users\srv_veralab\AppData\Local\Programs\MiKTeX 2.9\tex/latex/tools\indent
first.sty"
Package: indentfirst 1995/11/23 v1.03 Indent first paragraph (DPC)
)
("C:\Users\srv_veralab\AppData\Local\Programs\MiKTeX 2.9\tex/latex/graphics\gra
phicx.sty"
Package: graphicx 2017/06/01 v1.1a Enhanced LaTeX Graphics (DPC,SPQR)

("C:\Users\srv_veralab\AppData\Local\Programs\MiKTeX 2.9\tex/latex/graphics\gra
phics.sty"
Package: graphics 2017/06/25 v1.2c Standard LaTeX Graphics (DPC,SPQR)

("C:\Users\srv_veralab\AppData\Local\Programs\MiKTeX 2.9\tex/latex/graphics\tri
g.sty"
Package: trig 2016/01/03 v1.10 sin cos tan (DPC)
)
("C:\Users\srv_veralab\AppData\Local\Programs\MiKTeX 2.9\tex/latex/graphics-cfg
\graphics.cfg"
File: graphics.cfg 2016/06/04 v1.11 sample graphics configuration
)
Package graphics Info: Driver file: xetex.def on input line 99.

("C:\Users\srv_veralab\AppData\Local\Programs\MiKTeX 2.9\tex/latex/graphics-def
\xetex.def"
File: xetex.def 2017/06/24 v5.0h Graphics/color driver for xetex
))
\Gin@req@height=\dimen119
\Gin@req@width=\dimen120
)
("C:\Users\srv_veralab\AppData\Local\Programs\MiKTeX 2.9\tex/latex/setspace\set
space.sty"
Package: setspace 2011/12/19 v6.7a set line spacing
)
("C:\Users\srv_veralab\AppData\Local\Programs\MiKTeX 2.9\tex/latex/base\book.cl
s"
Document Class: book 2018/09/03 v1.4i Standard LaTeX document class

("C:\Users\srv_veralab\AppData\Local\Programs\MiKTeX 2.9\tex/latex/base\bk12.cl
o"
File: bk12.clo 2018/09/03 v1.4i Standard LaTeX file (size option)
)
\c@part=\count95
\c@chapter=\count96
\c@section=\count97
\c@subsection=\count98
\c@subsubsection=\count99
\c@paragraph=\count100
\c@subparagraph=\count101
\c@figure=\count102
\c@table=\count103
\abovecaptionskip=\skip44
\belowcaptionskip=\skip45
\bibindent=\dimen121
)
("C:\Users\srv_veralab\AppData\Local\Programs\MiKTeX 2.9\tex/latex/fancyhdr\fan
cyhdr.sty"
Package: fancyhdr 2019/01/31 v3.10 Extensive control of page headers and footer
s
\f@nch@headwidth=\skip46
\f@nch@O@elh=\skip47
\f@nch@O@erh=\skip48
\f@nch@O@olh=\skip49
\f@nch@O@orh=\skip50
\f@nch@O@elf=\skip51
\f@nch@O@erf=\skip52
\f@nch@O@olf=\skip53
\f@nch@O@orf=\skip54
)
("C:\Users\srv_veralab\AppData\Local\Programs\MiKTeX 2.9\tex/latex/tocloft\tocl
oft.sty"
Package: tocloft 2017/08/31 v2.3i parameterised ToC, etc., typesetting
Package tocloft Info: The document has chapter divisions on input line 51.
\cftparskip=\skip55
\cftbeforetoctitleskip=\skip56
\cftaftertoctitleskip=\skip57
\cftbeforepartskip=\skip58
\cftpartnumwidth=\skip59
\cftpartindent=\skip60
\cftbeforechapskip=\skip61
\cftchapindent=\skip62
\cftchapnumwidth=\skip63
\cftbeforesecskip=\skip64
\cftsecindent=\skip65
\cftsecnumwidth=\skip66
\cftbeforesubsecskip=\skip67
\cftsubsecindent=\skip68
\cftsubsecnumwidth=\skip69
\cftbeforesubsubsecskip=\skip70
\cftsubsubsecindent=\skip71
\cftsubsubsecnumwidth=\skip72
\cftbeforeparaskip=\skip73
\cftparaindent=\skip74
\cftparanumwidth=\skip75
\cftbeforesubparaskip=\skip76
\cftsubparaindent=\skip77
\cftsubparanumwidth=\skip78
\cftbeforeloftitleskip=\skip79
\cftafterloftitleskip=\skip80
\cftbeforefigskip=\skip81
\cftfigindent=\skip82
\cftfignumwidth=\skip83
\c@lofdepth=\count104
\c@lotdepth=\count105
\cftbeforelottitleskip=\skip84
\cftafterlottitleskip=\skip85
\cftbeforetabskip=\skip86
\cfttabindent=\skip87
\cfttabnumwidth=\skip88
)
("C:\Users\srv_veralab\AppData\Local\Programs\MiKTeX 2.9\tex/latex/etoolbox\eto
olbox.sty"
Package: etoolbox 2018/08/19 v2.5f e-TeX tools for LaTeX (JAW)
\etb@tempcnta=\count106
)
\c@appendixtracker=\count107

("C:\Users\srv_veralab\AppData\Local\Programs\MiKTeX 2.9\tex/latex/titlesec\tit
lesec.sty"
Package: titlesec 2016/03/21 v2.10.2 Sectioning titles
\ttl@box=\box29
\beforetitleunit=\skip89
\aftertitleunit=\skip90
\ttl@plus=\dimen122
\ttl@minus=\dimen123
\ttl@toksa=\toks21
\titlewidth=\dimen124
\titlewidthlast=\dimen125
\titlewidthfirst=\dimen126
)
("C:\Users\srv_veralab\AppData\Local\Programs\MiKTeX 2.9\tex/latex/titlesec\blo
ck.tss"
File: block.tss 2016/03/15
)
("C:\Users\srv_veralab\AppData\Local\Programs\MiKTeX 2.9\tex/latex/ulem\ulem.st
y"
\UL@box=\box30
\UL@hyphenbox=\box31
\UL@skip=\skip91
\UL@hook=\toks22
\UL@height=\dimen127
\UL@pe=\count108
\UL@pixel=\dimen128
\ULC@box=\box32
Package: ulem 2012/05/18
\ULdepth=\dimen129
)
("C:\Users\srv_veralab\AppData\Local\Programs\MiKTeX 2.9\tex/latex/totcount\tot
count.sty"
Package: totcount 2011/01/25 v1.2 package for gettingthe total value of LaTeX c
ounters
)
("C:\Users\srv_veralab\AppData\Local\Programs\MiKTeX 2.9\tex/latex/lastpage\las
tpage.sty"
Package: lastpage 2015/03/29 v1.2m Refers to last page's name (HMM; JPG)
)
\c@tablenum=\count109
\c@tablenum@totc=\count110
\c@figurenum=\count111
\c@figurenum@totc=\count112
\c@citesnum=\count113
\c@citesnum@totc=\count114
\c@bibnum=\count115
\c@bibnum@totc=\count116
)
("C:\Users\srv_veralab\AppData\Local\Programs\MiKTeX 2.9\tex/latex/docmute\docm
ute.sty"
Package: docmute 2012/03/22 v1.4 Input stand-alone documents
)
("C:\Users\srv_veralab\AppData\Local\Programs\MiKTeX 2.9\tex/latex/booktabs\boo
ktabs.sty"
Package: booktabs 2005/04/14 v1.61803 publication quality tables
\heavyrulewidth=\dimen130
\lightrulewidth=\dimen131
\cmidrulewidth=\dimen132
\belowrulesep=\dimen133
\belowbottomsep=\dimen134
\aboverulesep=\dimen135
\abovetopsep=\dimen136
\cmidrulesep=\dimen137
\cmidrulekern=\dimen138
\defaultaddspace=\dimen139
\@cmidla=\count117
\@cmidlb=\count118
\@aboverulesep=\dimen140
\@belowrulesep=\dimen141
\@thisruleclass=\count119
\@lastruleclass=\count120
\@thisrulewidth=\dimen142
)
("C:\Users\srv_veralab\AppData\Local\Programs\MiKTeX 2.9\tex/latex/microtype\mi
crotype.sty"
Package: microtype 2019/02/28 v2.7b Micro-typographical refinements (RS)
\MT@toks=\toks23
\MT@count=\count121
LaTeX Info: Redefining \textls on input line 790.
\MT@outer@kern=\dimen143
LaTeX Info: Redefining \textmicrotypecontext on input line 1336.
\MT@listname@count=\count122

("C:\Users\srv_veralab\AppData\Local\Programs\MiKTeX 2.9\tex/latex/microtype\mi
crotype-xetex.def"
File: microtype-xetex.def 2019/02/28 v2.7b Definitions specific to xetex (RS)
LaTeX Info: Redefining \lsstyle on input line 258.
)
Package microtype Info: Loading configuration file microtype.cfg.

("C:\Users\srv_veralab\AppData\Local\Programs\MiKTeX 2.9\tex/latex/microtype\mi
crotype.cfg"
File: microtype.cfg 2019/02/28 v2.7b microtype main configuration file (RS)
))
("C:\Users\srv_veralab\AppData\Local\Programs\MiKTeX 2.9\tex/latex/hyperref\hyp
erref.sty"
Package: hyperref 2018/11/30 v6.88e Hypertext links for LaTeX

("C:\Users\srv_veralab\AppData\Local\Programs\MiKTeX 2.9\tex/generic/oberdiek\h
obsub-hyperref.sty"
Package: hobsub-hyperref 2016/05/16 v1.14 Bundle oberdiek, subset hyperref (HO)


("C:\Users\srv_veralab\AppData\Local\Programs\MiKTeX 2.9\tex/generic/oberdiek\h
obsub-generic.sty"
Package: hobsub-generic 2016/05/16 v1.14 Bundle oberdiek, subset generic (HO)
Package: hobsub 2016/05/16 v1.14 Construct package bundles (HO)
Package: infwarerr 2016/05/16 v1.4 Providing info/warning/error messages (HO)
Package: ltxcmds 2016/05/16 v1.23 LaTeX kernel commands for general use (HO)
Package: ifluatex 2016/05/16 v1.4 Provides the ifluatex switch (HO)
Package ifluatex Info: LuaTeX not detected.
Package hobsub Info: Skipping package `ifvtex' (already loaded).
Package: intcalc 2016/05/16 v1.2 Expandable calculations with integers (HO)
Package hobsub Info: Skipping package `ifpdf' (already loaded).
Package: etexcmds 2016/05/16 v1.6 Avoid name clashes with e-TeX commands (HO)
Package: kvsetkeys 2016/05/16 v1.17 Key value parser (HO)
Package: kvdefinekeys 2016/05/16 v1.4 Define keys (HO)
Package: pdftexcmds 2018/09/10 v0.29 Utility functions of pdfTeX for LuaTeX (HO
)
Package pdftexcmds Info: LuaTeX not detected.
Package pdftexcmds Info: pdfTeX >= 1.30 not detected.
Package pdftexcmds Info: \pdf@primitive is available.
Package pdftexcmds Info: \pdf@ifprimitive is available.
Package pdftexcmds Info: \pdfdraftmode not found.
Package: pdfescape 2016/05/16 v1.14 Implements pdfTeX's escape features (HO)
Package: bigintcalc 2016/05/16 v1.4 Expandable calculations on big integers (HO
)
Package: bitset 2016/05/16 v1.2 Handle bit-vector datatype (HO)
Package: uniquecounter 2016/05/16 v1.3 Provide unlimited unique counter (HO)
)
Package hobsub Info: Skipping package `hobsub' (already loaded).
Package: letltxmacro 2016/05/16 v1.5 Let assignment for LaTeX macros (HO)
Package: hopatch 2016/05/16 v1.3 Wrapper for package hooks (HO)
Package: xcolor-patch 2016/05/16 xcolor patch
Package: atveryend 2016/05/16 v1.9 Hooks at the very end of document (HO)
Package: atbegshi 2016/06/09 v1.18 At begin shipout hook (HO)
Package: refcount 2016/05/16 v3.5 Data extraction from label references (HO)
Package: hycolor 2016/05/16 v1.8 Color options for hyperref/bookmark (HO)
)
("C:\Users\srv_veralab\AppData\Local\Programs\MiKTeX 2.9\tex/latex/oberdiek\aux
hook.sty"
Package: auxhook 2016/05/16 v1.4 Hooks for auxiliary files (HO)


Package auxhook Warning: Cannot patch \document,
(auxhook)                using \AtBeginDocument instead.

)
("C:\Users\srv_veralab\AppData\Local\Programs\MiKTeX 2.9\tex/latex/oberdiek\kvo
ptions.sty"
Package: kvoptions 2016/05/16 v3.12 Key value format for package options (HO)
)
\@linkdim=\dimen144
\Hy@linkcounter=\count123
\Hy@pagecounter=\count124

("C:\Users\srv_veralab\AppData\Local\Programs\MiKTeX 2.9\tex/latex/hyperref\pd1
enc.def"
File: pd1enc.def 2018/11/30 v6.88e Hyperref: PDFDocEncoding definition (HO)
)
\Hy@SavedSpaceFactor=\count125

("C:\Users\srv_veralab\AppData\Local\Programs\MiKTeX 2.9\tex/latex/00miktex\hyp
erref.cfg"
File: hyperref.cfg 2002/06/06 v1.2 hyperref configuration of TeXLive
)
Package hyperref Info: Option `final' set `true' on input line 4393.
Package hyperref Info: Option `colorlinks' set `false' on input line 4393.
Package hyperref Info: Hyper figures OFF on input line 4519.
Package hyperref Info: Link nesting OFF on input line 4524.
Package hyperref Info: Hyper index ON on input line 4527.
Package hyperref Info: Plain pages OFF on input line 4534.
Package hyperref Info: Backreferencing OFF on input line 4539.
Package hyperref Info: Implicit mode ON; LaTeX internals redefined.
Package hyperref Info: Bookmarks ON on input line 4772.
\c@Hy@tempcnt=\count126

("C:\Users\srv_veralab\AppData\Local\Programs\MiKTeX 2.9\tex/latex/url\url.sty"
\Urlmuskip=\muskip11
Package: url 2013/09/16  ver 3.4  Verb mode for urls, etc.
)
LaTeX Info: Redefining \url on input line 5125.
\XeTeXLinkMargin=\dimen145
\Fld@menulength=\count127
\Field@Width=\dimen146
\Fld@charsize=\dimen147
Package hyperref Info: Hyper figures OFF on input line 6380.
Package hyperref Info: Link nesting OFF on input line 6385.
Package hyperref Info: Hyper index ON on input line 6388.
Package hyperref Info: backreferencing OFF on input line 6395.
Package hyperref Info: Link coloring OFF on input line 6400.
Package hyperref Info: Link coloring with OCG OFF on input line 6405.
Package hyperref Info: PDF/A mode OFF on input line 6410.
LaTeX Info: Redefining \ref on input line 6450.
LaTeX Info: Redefining \pageref on input line 6454.
\Hy@abspage=\count128
\c@Item=\count129
\c@Hfootnote=\count130
)
Package hyperref Info: Driver (autodetected): hxetex.

("C:\Users\srv_veralab\AppData\Local\Programs\MiKTeX 2.9\tex/latex/hyperref\hxe
tex.def"
File: hxetex.def 2018/11/30 v6.88e Hyperref driver for XeTeX

("C:\Users\srv_veralab\AppData\Local\Programs\MiKTeX 2.9\tex/latex/hyperref\pue
nc.def"
File: puenc.def 2018/11/30 v6.88e Hyperref: PDF Unicode definition (HO)
)
("C:\Users\srv_veralab\AppData\Local\Programs\MiKTeX 2.9\tex/generic/oberdiek\s
tringenc.sty"
Package: stringenc 2016/05/16 v1.11 Convert strings between diff. encodings (HO
)
)
\pdfm@box=\box33
\c@Hy@AnnotLevel=\count131
\HyField@AnnotCount=\count132
\Fld@listcount=\count133
\c@bookmark@seq@number=\count134

("C:\Users\srv_veralab\AppData\Local\Programs\MiKTeX 2.9\tex/latex/oberdiek\rer
unfilecheck.sty"
Package: rerunfilecheck 2016/05/16 v1.8 Rerun checks for auxiliary files (HO)
Package uniquecounter Info: New unique counter `rerunfilecheck' on input line 2
82.
)
\Hy@SectionHShift=\skip92
)
("C:\Users\srv_veralab\AppData\Local\Programs\MiKTeX 2.9\tex/latex/ms\ragged2e.
sty"
Package: ragged2e 2009/05/21 v2.1 ragged2e Package (MS)


LaTeX Warning: Command \@arrayparboxrestore  has changed.
               Check if current package is valid.


("C:\Users\srv_veralab\AppData\Local\Programs\MiKTeX 2.9\tex/latex/ms\everysel.
sty"
Package: everysel 2011/10/28 v1.2 EverySelectfont Package (MS)
)
("C:\Users\srv_veralab\AppData\Local\Programs\MiKTeX 2.9\tex/latex/footmisc\foo
tmisc.sty"
Package: footmisc 2011/06/06 v5.5b a miscellany of footnote facilities
\FN@temptoken=\toks24
\footnotemargin=\dimen148
\c@pp@next@reset=\count135
Package footmisc Info: Declaring symbol style bringhurst on input line 855.
Package footmisc Info: Declaring symbol style chicago on input line 863.
Package footmisc Info: Declaring symbol style wiley on input line 872.
Package footmisc Info: Declaring symbol style lamport-robust on input line 883.

Package footmisc Info: Declaring symbol style lamport* on input line 903.
Package footmisc Info: Declaring symbol style lamport*-robust on input line 924
.
)
\CenteringLeftskip=\skip93
\RaggedLeftLeftskip=\skip94
\RaggedRightLeftskip=\skip95
\CenteringRightskip=\skip96
\RaggedLeftRightskip=\skip97
\RaggedRightRightskip=\skip98
\CenteringParfillskip=\skip99
\RaggedLeftParfillskip=\skip100
\RaggedRightParfillskip=\skip101
\JustifyingParfillskip=\skip102
\CenteringParindent=\skip103
\RaggedLeftParindent=\skip104
\RaggedRightParindent=\skip105
\JustifyingParindent=\skip106
)
("C:\Users\srv_veralab\AppData\Local\Programs\MiKTeX 2.9\tex/latex/mwe\mwe.sty"
Package: mwe 2018/03/30 v0.5 Package to support minimal working examples (MWE)

("C:\Users\srv_veralab\AppData\Local\Programs\MiKTeX 2.9\tex/latex/lipsum\lipsu
m.sty"
("C:\Users\srv_veralab\AppData\Local\Programs\MiKTeX 2.9\tex/latex/l3kernel\exp
l3.sty"
Package: expl3 2019-07-01 L3 programming layer (loader) 

("C:\Users\srv_veralab\AppData\Local\Programs\MiKTeX 2.9\tex/latex/l3kernel\exp
l3-code.tex"
Package: expl3 2019-07-01 L3 programming layer (code)
\c_max_int=\count136
\l_tmpa_int=\count137
\l_tmpb_int=\count138
\g_tmpa_int=\count139
\g_tmpb_int=\count140
\g__kernel_prg_map_int=\count141
\c__ior_term_ior=\count142
\c_log_iow=\count143
\l_iow_line_count_int=\count144
\l__iow_line_target_int=\count145
\l__iow_one_indent_int=\count146
\l__iow_indent_int=\count147
\c_zero_dim=\dimen149
\c_max_dim=\dimen150
\l_tmpa_dim=\dimen151
\l_tmpb_dim=\dimen152
\g_tmpa_dim=\dimen153
\g_tmpb_dim=\dimen154
\c_zero_skip=\skip107
\c_max_skip=\skip108
\l_tmpa_skip=\skip109
\l_tmpb_skip=\skip110
\g_tmpa_skip=\skip111
\g_tmpb_skip=\skip112
\c_zero_muskip=\muskip12
\c_max_muskip=\muskip13
\l_tmpa_muskip=\muskip14
\l_tmpb_muskip=\muskip15
\g_tmpa_muskip=\muskip16
\g_tmpb_muskip=\muskip17
\l_keys_choice_int=\count148
\l__intarray_loop_int=\count149
\c__intarray_sp_dim=\dimen155
\g__intarray_font_int=\count150
\c__fp_leading_shift_int=\count151
\c__fp_middle_shift_int=\count152
\c__fp_trailing_shift_int=\count153
\c__fp_big_leading_shift_int=\count154
\c__fp_big_middle_shift_int=\count155
\c__fp_big_trailing_shift_int=\count156
\c__fp_Bigg_leading_shift_int=\count157
\c__fp_Bigg_middle_shift_int=\count158
\c__fp_Bigg_trailing_shift_int=\count159
\g__fp_array_int=\count160
\l__fp_array_loop_int=\count161
\l__sort_length_int=\count162
\l__sort_min_int=\count163
\l__sort_top_int=\count164
\l__sort_max_int=\count165
\l__sort_true_max_int=\count166
\l__sort_block_int=\count167
\l__sort_begin_int=\count168
\l__sort_end_int=\count169
\l__sort_A_int=\count170
\l__sort_B_int=\count171
\l__sort_C_int=\count172
\l__str_internal_int=\count173
\l__tl_analysis_normal_int=\count174
\l__tl_analysis_index_int=\count175
\l__tl_analysis_nesting_int=\count176
\l__tl_analysis_type_int=\count177
\l__regex_internal_a_int=\count178
\l__regex_internal_b_int=\count179
\l__regex_internal_c_int=\count180
\l__regex_balance_int=\count181
\l__regex_group_level_int=\count182
\l__regex_mode_int=\count183
\c__regex_cs_in_class_mode_int=\count184
\c__regex_cs_mode_int=\count185
\l__regex_catcodes_int=\count186
\l__regex_default_catcodes_int=\count187
\c__regex_catcode_L_int=\count188
\c__regex_catcode_O_int=\count189
\c__regex_catcode_A_int=\count190
\c__regex_all_catcodes_int=\count191
\l__regex_show_lines_int=\count192
\l__regex_min_state_int=\count193
\l__regex_max_state_int=\count194
\l__regex_left_state_int=\count195
\l__regex_right_state_int=\count196
\l__regex_capturing_group_int=\count197
\l__regex_min_pos_int=\count198
\l__regex_max_pos_int=\count199
\l__regex_curr_pos_int=\count266
\l__regex_start_pos_int=\count267
\l__regex_success_pos_int=\count268
\l__regex_curr_char_int=\count269
\l__regex_curr_catcode_int=\count270
\l__regex_last_char_int=\count271
\l__regex_case_changed_char_int=\count272
\l__regex_curr_state_int=\count273
\l__regex_step_int=\count274
\l__regex_min_active_int=\count275
\l__regex_max_active_int=\count276
\l__regex_replacement_csnames_int=\count277
\l__regex_match_count_int=\count278
\l__regex_min_submatch_int=\count279
\l__regex_submatch_int=\count280
\l__regex_zeroth_submatch_int=\count281
\g__regex_trace_regex_int=\count282
\c_empty_box=\box34
\l_tmpa_box=\box35
\l_tmpb_box=\box36
\g_tmpa_box=\box37
\g_tmpb_box=\box38
\l__box_top_dim=\dimen156
\l__box_bottom_dim=\dimen157
\l__box_left_dim=\dimen158
\l__box_right_dim=\dimen159
\l__box_top_new_dim=\dimen160
\l__box_bottom_new_dim=\dimen161
\l__box_left_new_dim=\dimen162
\l__box_right_new_dim=\dimen163
\l__box_internal_box=\box39
\l__coffin_internal_box=\box40
\l__coffin_internal_dim=\dimen164
\l__coffin_offset_x_dim=\dimen165
\l__coffin_offset_y_dim=\dimen166
\l__coffin_x_dim=\dimen167
\l__coffin_y_dim=\dimen168
\l__coffin_x_prime_dim=\dimen169
\l__coffin_y_prime_dim=\dimen170
\c_empty_coffin=\box41
\l__coffin_aligned_coffin=\box42
\l__coffin_aligned_internal_coffin=\box43
\l_tmpa_coffin=\box44
\l_tmpb_coffin=\box45
\g_tmpa_coffin=\box46
\g_tmpb_coffin=\box47
\l__coffin_bounding_shift_dim=\dimen171
\l__coffin_left_corner_dim=\dimen172
\l__coffin_right_corner_dim=\dimen173
\l__coffin_bottom_corner_dim=\dimen174
\l__coffin_top_corner_dim=\dimen175
\l__coffin_scaled_total_height_dim=\dimen176
\l__coffin_scaled_width_dim=\dimen177
\c__coffin_empty_coffin=\box48
\l__coffin_display_coffin=\box49
\l__coffin_display_coord_coffin=\box50
\l__coffin_display_pole_coffin=\box51
\l__coffin_display_offset_dim=\dimen178
\l__coffin_display_x_dim=\dimen179
\l__coffin_display_y_dim=\dimen180
\g__file_internal_ior=\read1
\l__seq_internal_a_int=\count283
\l__seq_internal_b_int=\count284
\c__deprecation_minus_one=\count285
)
("C:\Users\srv_veralab\AppData\Local\Programs\MiKTeX 2.9\tex/latex/l3backend\l3
backend-xdvipdfmx.def"
File: l3backend-xdvipdfmx.def 2019-04-06 v L3 Experimental backend support: xdv
ipdfmx
\g__graphics_track_int=\count286
\l__pdf_internal_box=\box52
\g__pdf_backend_object_int=\count287
\g__pdf_backend_annotation_int=\count288
))
("C:\Users\srv_veralab\AppData\Local\Programs\MiKTeX 2.9\tex/latex/l3packages/x
parse\xparse.sty"
Package: xparse 2019-05-28 L3 Experimental document command parser
\l__xparse_current_arg_int=\count289
\g__xparse_grabber_int=\count290
\l__xparse_m_args_int=\count291
\l__xparse_v_nesting_int=\count292
)
Package: lipsum 2019/01/02 v2.2 150 paragraphs of Lorem Ipsum dummy text

("C:\Users\srv_veralab\AppData\Local\Programs\MiKTeX 2.9\tex/latex/lipsum\lipsu
m.ltd.tex"
File: lipsum.ltd.tex 2019/01/02 v2.2 The Lorem ipsum dummy text
))
("C:\Users\srv_veralab\AppData\Local\Programs\MiKTeX 2.9\tex/latex/blindtext\bl
indtext.sty"
Package: blindtext 2012/01/06 V2.0 blindtext-Package

("C:\Users\srv_veralab\AppData\Local\Programs\MiKTeX 2.9\tex/latex/tools\xspace
.sty"
Package: xspace 2014/10/28 v1.13 Space after command names (DPC,MH)
)
\c@blindtext=\count293
\c@Blindtext=\count294
\c@blind@countparstart=\count295
\blind@countxx=\count296
\blindtext@numBlindtext=\count297
\blind@countyy=\count298
\c@blindlist=\count299
\c@blindlistlevel=\count300
\c@blindlist@level=\count301
\blind@listitem=\count302
\c@blind@listcount=\count303
\c@blind@levelcount=\count304
\blind@mathformula=\count305
\blind@Mathformula=\count306
\c@blind@randomcount=\count307
\c@blind@randommax=\count308
\c@blind@pangramcount=\count309
\c@blind@pangrammax=\count310
))
("C:\Users\srv_veralab\AppData\Local\Programs\MiKTeX 2.9\tex/latex/floatrow\flo
atrow.sty"
Package: floatrow 2008/08/02 v0.3b floatrow: float package extension

("C:\Users\srv_veralab\AppData\Local\Programs\MiKTeX 2.9\tex/latex/caption\capt
ion3.sty"
Package: caption3 2018/09/12 v1.8c caption3 kernel (AR)
Package caption3 Info: TeX engine: e-TeX on input line 64.
\captionmargin=\dimen181
\captionmargin@=\dimen182
\captionwidth=\dimen183
\caption@tempdima=\dimen184
\caption@indent=\dimen185
\caption@parindent=\dimen186
\caption@hangindent=\dimen187
)
\c@float@type=\count311
\float@exts=\toks25
\float@box=\box53
\@floatcapt=\box54
Package floatrow Info: Modified float package code loaded on input line 455.
Package floatrow Info: Modified rotfloat package code loaded on input line 473.

\FR@everyfloat=\toks26
\flrow@foot=\insert252
\FB@wd=\dimen188
\FBo@wd=\dimen189
\FBc@wd=\dimen190
\FBo@ht=\skip113
\FBc@ht=\skip114
\FBf@ht=\skip115
\FBo@max=\skip116
\FBc@max=\skip117
\FBf@max=\skip118
\c@FBl@b=\count312
\floatbox@depth=\count313
\c@FRobj=\count314
\c@FRsobj=\count315
\Xhsize=\skip119
\sXhsize=\skip120
\Zhsize=\skip121
\sZhsize=\skip122
\flrow@rowbox=\box55
\FR@Zunitlength=\dimen191
\c@FBcnt=\count316
\FPOScnt=\count317
\LTleft=\skip123
\LTright=\skip124
\LTleft=\skip125
\LTright=\skip126
\flrow@types=\toks27
)
("C:\Users\srv_veralab\AppData\Local\Programs\MiKTeX 2.9\tex/latex/breqn\flexis
ym.sty"
Package: flexisym 2017/01/27 v0.98e Make math characters macros
LaTeX Info: Redefining \textprime on input line 300.
LaTeX Info: Redefining \not on input line 358.

("C:\Users\srv_veralab\AppData\Local\Programs\MiKTeX 2.9\tex/latex/breqn\cmbase
.sym"
File: cmbase.sym 2007/12/19 v0.92
LaTeX Info: Redefining \hbar on input line 325.
LaTeX Info: Redefining \surd on input line 327.
LaTeX Info: Redefining \angle on input line 335.
LaTeX Info: Redefining \neq on input line 336.
LaTeX Info: Redefining \mapsto on input line 337.
LaTeX Info: Redefining \cong on input line 338.
LaTeX Info: Redefining \notin on input line 341.
LaTeX Info: Redefining \rightleftharpoons on input line 342.
LaTeX Info: Redefining \doteq on input line 343.
LaTeX Info: Redefining \hookrightarrow on input line 344.
LaTeX Info: Redefining \hookleftarrow on input line 345.
LaTeX Info: Redefining \bowtie on input line 346.
LaTeX Info: Redefining \models on input line 347.
LaTeX Info: Redefining \Longrightarrow on input line 348.
LaTeX Info: Redefining \longrightarrow on input line 349.
LaTeX Info: Redefining \Longleftarrow on input line 350.
LaTeX Info: Redefining \longleftarrow on input line 351.
LaTeX Info: Redefining \longmapsto on input line 352.
LaTeX Info: Redefining \longleftrightarrow on input line 353.
LaTeX Info: Redefining \Longleftrightarrow on input line 354.
LaTeX Info: Redefining \cdots on input line 358.
LaTeX Info: Redefining \vdots on input line 361.
LaTeX Info: Redefining \ddots on input line 366.
)
("C:\Users\srv_veralab\AppData\Local\Programs\MiKTeX 2.9\tex/latex/breqn\mathst
yle.sty"
Package: mathstyle 2017/01/27 0.98e Tracking mathstyle implicitly
LaTeX Info: Redefining \displaystyle on input line 93.
LaTeX Info: Redefining \textstyle on input line 95.
LaTeX Info: Redefining \scriptstyle on input line 97.
LaTeX Info: Redefining \scriptscriptstyle on input line 99.
LaTeX Info: Redefining \genfrac on input line 145.
))
("C:\Users\srv_veralab\AppData\Local\Programs\MiKTeX 2.9\tex/latex/pgf/frontend
layer\tikz.sty"
("C:\Users\srv_veralab\AppData\Local\Programs\MiKTeX 2.9\tex/latex/pgf/basiclay
er\pgf.sty"
("C:\Users\srv_veralab\AppData\Local\Programs\MiKTeX 2.9\tex/latex/pgf/utilitie
s\pgfrcs.sty"
("C:\Users\srv_veralab\AppData\Local\Programs\MiKTeX 2.9\tex/generic/pgf/utilit
ies\pgfutil-common.tex"
\pgfutil@everybye=\toks28
\pgfutil@tempdima=\dimen192
\pgfutil@tempdimb=\dimen193

("C:\Users\srv_veralab\AppData\Local\Programs\MiKTeX 2.9\tex/generic/pgf/utilit
ies\pgfutil-common-lists.tex"))
("C:\Users\srv_veralab\AppData\Local\Programs\MiKTeX 2.9\tex/generic/pgf/utilit
ies\pgfutil-latex.def"
\pgfutil@abb=\box56

("C:\Users\srv_veralab\AppData\Local\Programs\MiKTeX 2.9\tex/latex/ms\everyshi.
sty"
Package: everyshi 2001/05/15 v3.00 EveryShipout Package (MS)
))
("C:\Users\srv_veralab\AppData\Local\Programs\MiKTeX 2.9\tex/generic/pgf/utilit
ies\pgfrcs.code.tex"
("C:\Users\srv_veralab\AppData\Local\Programs\MiKTeX 2.9\tex/generic/pgf\pgf.re
vision.tex")
Package: pgfrcs 2019/05/09 v3.1.3 (3.1.3)
))
Package: pgf 2019/05/09 v3.1.3 (3.1.3)

("C:\Users\srv_veralab\AppData\Local\Programs\MiKTeX 2.9\tex/latex/pgf/basiclay
er\pgfcore.sty"
("C:\Users\srv_veralab\AppData\Local\Programs\MiKTeX 2.9\tex/latex/pgf/systemla
yer\pgfsys.sty"
("C:\Users\srv_veralab\AppData\Local\Programs\MiKTeX 2.9\tex/generic/pgf/system
layer\pgfsys.code.tex"
Package: pgfsys 2019/05/09 v3.1.3 (3.1.3)

("C:\Users\srv_veralab\AppData\Local\Programs\MiKTeX 2.9\tex/generic/pgf/utilit
ies\pgfkeys.code.tex"
\pgfkeys@pathtoks=\toks29
\pgfkeys@temptoks=\toks30

("C:\Users\srv_veralab\AppData\Local\Programs\MiKTeX 2.9\tex/generic/pgf/utilit
ies\pgfkeysfiltered.code.tex"
\pgfkeys@tmptoks=\toks31
))
\pgf@x=\dimen194
\pgf@y=\dimen195
\pgf@xa=\dimen196
\pgf@ya=\dimen197
\pgf@xb=\dimen198
\pgf@yb=\dimen199
\pgf@xc=\dimen256
\pgf@yc=\dimen257
\pgf@xd=\dimen258
\pgf@yd=\dimen259
\w@pgf@writea=\write3
\r@pgf@reada=\read2
\c@pgf@counta=\count318
\c@pgf@countb=\count319
\c@pgf@countc=\count320
\c@pgf@countd=\count321
\t@pgf@toka=\toks32
\t@pgf@tokb=\toks33
\t@pgf@tokc=\toks34
\pgf@sys@id@count=\count322

("C:\Users\srv_veralab\AppData\Local\Programs\MiKTeX 2.9\tex/generic/pgf/system
layer\pgf.cfg"
File: pgf.cfg 2019/05/09 v3.1.3 (3.1.3)
)
Driver file for pgf: pgfsys-xetex.def

("C:\Users\srv_veralab\AppData\Local\Programs\MiKTeX 2.9\tex/generic/pgf/system
layer\pgfsys-xetex.def"
File: pgfsys-xetex.def 2019/05/09 v3.1.3 (3.1.3)

("C:\Users\srv_veralab\AppData\Local\Programs\MiKTeX 2.9\tex/generic/pgf/system
layer\pgfsys-dvipdfmx.def"
File: pgfsys-dvipdfmx.def 2019/05/09 v3.1.3 (3.1.3)

("C:\Users\srv_veralab\AppData\Local\Programs\MiKTeX 2.9\tex/generic/pgf/system
layer\pgfsys-common-pdf.def"
File: pgfsys-common-pdf.def 2019/05/09 v3.1.3 (3.1.3)
)
\pgfsys@objnum=\count323
)))
("C:\Users\srv_veralab\AppData\Local\Programs\MiKTeX 2.9\tex/generic/pgf/system
layer\pgfsyssoftpath.code.tex"
File: pgfsyssoftpath.code.tex 2019/05/09 v3.1.3 (3.1.3)
\pgfsyssoftpath@smallbuffer@items=\count324
\pgfsyssoftpath@bigbuffer@items=\count325
)
("C:\Users\srv_veralab\AppData\Local\Programs\MiKTeX 2.9\tex/generic/pgf/system
layer\pgfsysprotocol.code.tex"
File: pgfsysprotocol.code.tex 2019/05/09 v3.1.3 (3.1.3)
))
("C:\Users\srv_veralab\AppData\Local\Programs\MiKTeX 2.9\tex/latex/xcolor\xcolo
r.sty"
Package: xcolor 2016/05/11 v2.12 LaTeX color extensions (UK)

("C:\Users\srv_veralab\AppData\Local\Programs\MiKTeX 2.9\tex/latex/graphics-cfg
\color.cfg"
File: color.cfg 2016/01/02 v1.6 sample color configuration
)
Package xcolor Info: Driver file: xetex.def on input line 225.
Package xcolor Info: Model `cmy' substituted by `cmy0' on input line 1348.
Package xcolor Info: Model `RGB' extended on input line 1364.
Package xcolor Info: Model `HTML' substituted by `rgb' on input line 1366.
Package xcolor Info: Model `Hsb' substituted by `hsb' on input line 1367.
Package xcolor Info: Model `tHsb' substituted by `hsb' on input line 1368.
Package xcolor Info: Model `HSB' substituted by `hsb' on input line 1369.
Package xcolor Info: Model `Gray' substituted by `gray' on input line 1370.
Package xcolor Info: Model `wave' substituted by `hsb' on input line 1371.
)
("C:\Users\srv_veralab\AppData\Local\Programs\MiKTeX 2.9\tex/generic/pgf/basicl
ayer\pgfcore.code.tex"
Package: pgfcore 2019/05/09 v3.1.3 (3.1.3)

("C:\Users\srv_veralab\AppData\Local\Programs\MiKTeX 2.9\tex/generic/pgf/math\p
gfmath.code.tex"
("C:\Users\srv_veralab\AppData\Local\Programs\MiKTeX 2.9\tex/generic/pgf/math\p
gfmathcalc.code.tex"
("C:\Users\srv_veralab\AppData\Local\Programs\MiKTeX 2.9\tex/generic/pgf/math\p
gfmathutil.code.tex")
("C:\Users\srv_veralab\AppData\Local\Programs\MiKTeX 2.9\tex/generic/pgf/math\p
gfmathparser.code.tex"
\pgfmath@dimen=\dimen260
\pgfmath@count=\count326
\pgfmath@box=\box57
\pgfmath@toks=\toks35
\pgfmath@stack@operand=\toks36
\pgfmath@stack@operation=\toks37
)
("C:\Users\srv_veralab\AppData\Local\Programs\MiKTeX 2.9\tex/generic/pgf/math\p
gfmathfunctions.code.tex"
("C:\Users\srv_veralab\AppData\Local\Programs\MiKTeX 2.9\tex/generic/pgf/math\p
gfmathfunctions.basic.code.tex")
("C:\Users\srv_veralab\AppData\Local\Programs\MiKTeX 2.9\tex/generic/pgf/math\p
gfmathfunctions.trigonometric.code.tex")
("C:\Users\srv_veralab\AppData\Local\Programs\MiKTeX 2.9\tex/generic/pgf/math\p
gfmathfunctions.random.code.tex")
("C:\Users\srv_veralab\AppData\Local\Programs\MiKTeX 2.9\tex/generic/pgf/math\p
gfmathfunctions.comparison.code.tex")
("C:\Users\srv_veralab\AppData\Local\Programs\MiKTeX 2.9\tex/generic/pgf/math\p
gfmathfunctions.base.code.tex")
("C:\Users\srv_veralab\AppData\Local\Programs\MiKTeX 2.9\tex/generic/pgf/math\p
gfmathfunctions.round.code.tex")
("C:\Users\srv_veralab\AppData\Local\Programs\MiKTeX 2.9\tex/generic/pgf/math\p
gfmathfunctions.misc.code.tex")
("C:\Users\srv_veralab\AppData\Local\Programs\MiKTeX 2.9\tex/generic/pgf/math\p
gfmathfunctions.integerarithmetics.code.tex")))
("C:\Users\srv_veralab\AppData\Local\Programs\MiKTeX 2.9\tex/generic/pgf/math\p
gfmathfloat.code.tex"
\c@pgfmathroundto@lastzeros=\count327
))
("C:\Users\srv_veralab\AppData\Local\Programs\MiKTeX 2.9\tex/generic/pgf/math\p
gfint.code.tex")
("C:\Users\srv_veralab\AppData\Local\Programs\MiKTeX 2.9\tex/generic/pgf/basicl
ayer\pgfcorepoints.code.tex"
File: pgfcorepoints.code.tex 2019/05/09 v3.1.3 (3.1.3)
\pgf@picminx=\dimen261
\pgf@picmaxx=\dimen262
\pgf@picminy=\dimen263
\pgf@picmaxy=\dimen264
\pgf@pathminx=\dimen265
\pgf@pathmaxx=\dimen266
\pgf@pathminy=\dimen267
\pgf@pathmaxy=\dimen268
\pgf@xx=\dimen269
\pgf@xy=\dimen270
\pgf@yx=\dimen271
\pgf@yy=\dimen272
\pgf@zx=\dimen273
\pgf@zy=\dimen274
)
("C:\Users\srv_veralab\AppData\Local\Programs\MiKTeX 2.9\tex/generic/pgf/basicl
ayer\pgfcorepathconstruct.code.tex"
File: pgfcorepathconstruct.code.tex 2019/05/09 v3.1.3 (3.1.3)
\pgf@path@lastx=\dimen275
\pgf@path@lasty=\dimen276
)
("C:\Users\srv_veralab\AppData\Local\Programs\MiKTeX 2.9\tex/generic/pgf/basicl
ayer\pgfcorepathusage.code.tex"
File: pgfcorepathusage.code.tex 2019/05/09 v3.1.3 (3.1.3)
\pgf@shorten@end@additional=\dimen277
\pgf@shorten@start@additional=\dimen278
)
("C:\Users\srv_veralab\AppData\Local\Programs\MiKTeX 2.9\tex/generic/pgf/basicl
ayer\pgfcorescopes.code.tex"
File: pgfcorescopes.code.tex 2019/05/09 v3.1.3 (3.1.3)
\pgfpic=\box58
\pgf@hbox=\box59
\pgf@layerbox@main=\box60
\pgf@picture@serial@count=\count328
)
("C:\Users\srv_veralab\AppData\Local\Programs\MiKTeX 2.9\tex/generic/pgf/basicl
ayer\pgfcoregraphicstate.code.tex"
File: pgfcoregraphicstate.code.tex 2019/05/09 v3.1.3 (3.1.3)
\pgflinewidth=\dimen279
)
("C:\Users\srv_veralab\AppData\Local\Programs\MiKTeX 2.9\tex/generic/pgf/basicl
ayer\pgfcoretransformations.code.tex"
File: pgfcoretransformations.code.tex 2019/05/09 v3.1.3 (3.1.3)
\pgf@pt@x=\dimen280
\pgf@pt@y=\dimen281
\pgf@pt@temp=\dimen282
)
("C:\Users\srv_veralab\AppData\Local\Programs\MiKTeX 2.9\tex/generic/pgf/basicl
ayer\pgfcorequick.code.tex"
File: pgfcorequick.code.tex 2019/05/09 v3.1.3 (3.1.3)
)
("C:\Users\srv_veralab\AppData\Local\Programs\MiKTeX 2.9\tex/generic/pgf/basicl
ayer\pgfcoreobjects.code.tex"
File: pgfcoreobjects.code.tex 2019/05/09 v3.1.3 (3.1.3)
)
("C:\Users\srv_veralab\AppData\Local\Programs\MiKTeX 2.9\tex/generic/pgf/basicl
ayer\pgfcorepathprocessing.code.tex"
File: pgfcorepathprocessing.code.tex 2019/05/09 v3.1.3 (3.1.3)
)
("C:\Users\srv_veralab\AppData\Local\Programs\MiKTeX 2.9\tex/generic/pgf/basicl
ayer\pgfcorearrows.code.tex"
File: pgfcorearrows.code.tex 2019/05/09 v3.1.3 (3.1.3)
\pgfarrowsep=\dimen283
)
("C:\Users\srv_veralab\AppData\Local\Programs\MiKTeX 2.9\tex/generic/pgf/basicl
ayer\pgfcoreshade.code.tex"
File: pgfcoreshade.code.tex 2019/05/09 v3.1.3 (3.1.3)
\pgf@max=\dimen284
\pgf@sys@shading@range@num=\count329
\pgf@shadingcount=\count330
)
("C:\Users\srv_veralab\AppData\Local\Programs\MiKTeX 2.9\tex/generic/pgf/basicl
ayer\pgfcoreimage.code.tex"
File: pgfcoreimage.code.tex 2019/05/09 v3.1.3 (3.1.3)

("C:\Users\srv_veralab\AppData\Local\Programs\MiKTeX 2.9\tex/generic/pgf/basicl
ayer\pgfcoreexternal.code.tex"
File: pgfcoreexternal.code.tex 2019/05/09 v3.1.3 (3.1.3)
\pgfexternal@startupbox=\box61
))
("C:\Users\srv_veralab\AppData\Local\Programs\MiKTeX 2.9\tex/generic/pgf/basicl
ayer\pgfcorelayers.code.tex"
File: pgfcorelayers.code.tex 2019/05/09 v3.1.3 (3.1.3)
)
("C:\Users\srv_veralab\AppData\Local\Programs\MiKTeX 2.9\tex/generic/pgf/basicl
ayer\pgfcoretransparency.code.tex"
File: pgfcoretransparency.code.tex 2019/05/09 v3.1.3 (3.1.3)
)
("C:\Users\srv_veralab\AppData\Local\Programs\MiKTeX 2.9\tex/generic/pgf/basicl
ayer\pgfcorepatterns.code.tex"
File: pgfcorepatterns.code.tex 2019/05/09 v3.1.3 (3.1.3)
)
("C:\Users\srv_veralab\AppData\Local\Programs\MiKTeX 2.9\tex/generic/pgf/basicl
ayer\pgfcorerdf.code.tex"
File: pgfcorerdf.code.tex 2019/05/09 v3.1.3 (3.1.3)
)))
("C:\Users\srv_veralab\AppData\Local\Programs\MiKTeX 2.9\tex/generic/pgf/module
s\pgfmoduleshapes.code.tex"
File: pgfmoduleshapes.code.tex 2019/05/09 v3.1.3 (3.1.3)
\pgfnodeparttextbox=\box62
)
("C:\Users\srv_veralab\AppData\Local\Programs\MiKTeX 2.9\tex/generic/pgf/module
s\pgfmoduleplot.code.tex"
File: pgfmoduleplot.code.tex 2019/05/09 v3.1.3 (3.1.3)
)
("C:\Users\srv_veralab\AppData\Local\Programs\MiKTeX 2.9\tex/latex/pgf/compatib
ility\pgfcomp-version-0-65.sty"
Package: pgfcomp-version-0-65 2019/05/09 v3.1.3 (3.1.3)
\pgf@nodesepstart=\dimen285
\pgf@nodesepend=\dimen286
)
("C:\Users\srv_veralab\AppData\Local\Programs\MiKTeX 2.9\tex/latex/pgf/compatib
ility\pgfcomp-version-1-18.sty"
Package: pgfcomp-version-1-18 2019/05/09 v3.1.3 (3.1.3)
))
("C:\Users\srv_veralab\AppData\Local\Programs\MiKTeX 2.9\tex/latex/pgf/utilitie
s\pgffor.sty"
("C:\Users\srv_veralab\AppData\Local\Programs\MiKTeX 2.9\tex/latex/pgf/utilitie
s\pgfkeys.sty"
("C:\Users\srv_veralab\AppData\Local\Programs\MiKTeX 2.9\tex/generic/pgf/utilit
ies\pgfkeys.code.tex"))
("C:\Users\srv_veralab\AppData\Local\Programs\MiKTeX 2.9\tex/latex/pgf/math\pgf
math.sty"
("C:\Users\srv_veralab\AppData\Local\Programs\MiKTeX 2.9\tex/generic/pgf/math\p
gfmath.code.tex"))
("C:\Users\srv_veralab\AppData\Local\Programs\MiKTeX 2.9\tex/generic/pgf/utilit
ies\pgffor.code.tex"
Package: pgffor 2019/05/09 v3.1.3 (3.1.3)

("C:\Users\srv_veralab\AppData\Local\Programs\MiKTeX 2.9\tex/generic/pgf/math\p
gfmath.code.tex")
\pgffor@iter=\dimen287
\pgffor@skip=\dimen288
\pgffor@stack=\toks38
\pgffor@toks=\toks39
))
("C:\Users\srv_veralab\AppData\Local\Programs\MiKTeX 2.9\tex/generic/pgf/fronte
ndlayer/tikz\tikz.code.tex"
Package: tikz 2019/05/09 v3.1.3 (3.1.3)

("C:\Users\srv_veralab\AppData\Local\Programs\MiKTeX 2.9\tex/generic/pgf/librar
ies\pgflibraryplothandlers.code.tex"
File: pgflibraryplothandlers.code.tex 2019/05/09 v3.1.3 (3.1.3)
\pgf@plot@mark@count=\count331
\pgfplotmarksize=\dimen289
)
\tikz@lastx=\dimen290
\tikz@lasty=\dimen291
\tikz@lastxsaved=\dimen292
\tikz@lastysaved=\dimen293
\tikzleveldistance=\dimen294
\tikzsiblingdistance=\dimen295
\tikz@figbox=\box63
\tikz@figbox@bg=\box64
\tikz@tempbox=\box65
\tikz@tempbox@bg=\box66
\tikztreelevel=\count332
\tikznumberofchildren=\count333
\tikznumberofcurrentchild=\count334
\tikz@fig@count=\count335

("C:\Users\srv_veralab\AppData\Local\Programs\MiKTeX 2.9\tex/generic/pgf/module
s\pgfmodulematrix.code.tex"
File: pgfmodulematrix.code.tex 2019/05/09 v3.1.3 (3.1.3)
\pgfmatrixcurrentrow=\count336
\pgfmatrixcurrentcolumn=\count337
\pgf@matrix@numberofcolumns=\count338
)
\tikz@expandcount=\count339

("C:\Users\srv_veralab\AppData\Local\Programs\MiKTeX 2.9\tex/generic/pgf/fronte
ndlayer/tikz/libraries\tikzlibrarytopaths.code.tex"
File: tikzlibrarytopaths.code.tex 2019/05/09 v3.1.3 (3.1.3)
)))
("C:\Users\srv_veralab\AppData\Local\Programs\MiKTeX 2.9\tex/latex/caption\subc
aption.sty"
Package: subcaption 2018/05/01 v1.1-162 Sub-captions (AR)

("C:\Users\srv_veralab\AppData\Local\Programs\MiKTeX 2.9\tex/latex/caption\capt
ion.sty"
Package: caption 2018/10/06 v3.3-154 Customizing captions (AR)
\c@caption@flags=\count340
\c@ContinuedFloat=\count341
Package caption Info: float package is loaded.
Package caption Info: floatrow package is loaded.
Package caption Info: hyperref package is loaded.
)
\c@subfigure=\count342
\c@subtable=\count343
)
("C:\Users\srv_veralab\AppData\Local\Programs\MiKTeX 2.9\tex/latex/makecell\mak
ecell.sty"
Package: makecell 2009/08/03 V0.1e Managing of Tab Column Heads and Cells

("C:\Users\srv_veralab\AppData\Local\Programs\MiKTeX 2.9\tex/latex/tools\array.
sty"
Package: array 2018/12/30 v2.4k Tabular extension package (FMi)
\col@sep=\dimen296
\ar@mcellbox=\box67
\extrarowheight=\dimen297
\NC@list=\toks40
\extratabsurround=\skip127
\backup@length=\skip128
\ar@cellbox=\box68
)
\rotheadsize=\dimen298
\c@nlinenum=\count344
\TeXr@lab=\toks41
)
("C:\Users\srv_veralab\AppData\Local\Programs\MiKTeX 2.9\tex/latex/fontspec\fon
tspec.sty"
Package: fontspec 2019/03/15 v2.7c Font selection for XeLaTeX and LuaLaTeX

("C:\Users\srv_veralab\AppData\Local\Programs\MiKTeX 2.9\tex/latex/fontspec\fon
tspec-xetex.sty"
Package: fontspec-xetex 2019/03/15 v2.7c Font selection for XeLaTeX and LuaLaTe
X
\l__fontspec_script_int=\count345
\l__fontspec_language_int=\count346
\l__fontspec_strnum_int=\count347
\l__fontspec_tmp_int=\count348
\l__fontspec_tmpa_int=\count349
\l__fontspec_tmpb_int=\count350
\l__fontspec_tmpc_int=\count351
\l__fontspec_em_int=\count352
\l__fontspec_emdef_int=\count353
\l__fontspec_strong_int=\count354
\l__fontspec_strongdef_int=\count355
\l__fontspec_tmpa_dim=\dimen299
\l__fontspec_tmpb_dim=\dimen300
\l__fontspec_tmpc_dim=\dimen301

("C:\Users\srv_veralab\AppData\Local\Programs\MiKTeX 2.9\tex/latex/base\fontenc
.sty"
Package: fontenc 2018/08/11 v2.0j Standard LaTeX package

("C:\Users\srv_veralab\AppData\Local\Programs\MiKTeX 2.9\tex/latex/base\tuenc.d
ef"
File: tuenc.def 2018/08/11 v2.0j Standard LaTeX file
LaTeX Font Info:    Redeclaring font encoding TU on input line 82.
))
("C:\Users\srv_veralab\AppData\Local\Programs\MiKTeX 2.9\tex/latex/fontspec\fon
tspec.cfg")
LaTeX Info: Redefining \itshape on input line 4051.
LaTeX Info: Redefining \slshape on input line 4056.
LaTeX Info: Redefining \scshape on input line 4061.
LaTeX Info: Redefining \upshape on input line 4066.
LaTeX Info: Redefining \em on input line 4096.
LaTeX Info: Redefining \emph on input line 4121.
))

Package fontspec Info: Font family 'TimesNewRoman(0)' created for font 'Times
(fontspec)             New Roman' with options [Ligatures=TeX].
(fontspec)              
(fontspec)              This font family consists of the following NFSS
(fontspec)             series/shapes:
(fontspec)              
(fontspec)             - 'normal' (m/n) with NFSS spec.: <->"Times New
(fontspec)             Roman/OT:script=latn;language=DFLT;mapping=tex-text;"
(fontspec)             - 'small caps'  (m/sc) with NFSS spec.: <->"Times New
(fontspec)             Roman/OT:script=latn;language=DFLT;+smcp;mapping=tex-tex
t;"
(fontspec)             - 'bold' (bx/n) with NFSS spec.: <->"Times New
(fontspec)             Roman/B/OT:script=latn;language=DFLT;mapping=tex-text;"
(fontspec)             - 'bold small caps'  (bx/sc) with NFSS spec.: <->"Times
(fontspec)             New
(fontspec)             Roman/B/OT:script=latn;language=DFLT;+smcp;mapping=tex-t
ext;"
(fontspec)             - 'italic' (m/it) with NFSS spec.: <->"Times New
(fontspec)             Roman/I/OT:script=latn;language=DFLT;mapping=tex-text;"
(fontspec)             - 'italic small caps'  (m/itsc) with NFSS spec.:
(fontspec)             <->"Times New
(fontspec)             Roman/I/OT:script=latn;language=DFLT;+smcp;mapping=tex-t
ext;"
(fontspec)             - 'bold italic' (bx/it) with NFSS spec.: <->"Times New
(fontspec)             Roman/BI/OT:script=latn;language=DFLT;mapping=tex-text;"

(fontspec)             - 'bold italic small caps'  (bx/itsc) with NFSS spec.:
(fontspec)             <->"Times New
(fontspec)             Roman/BI/OT:script=latn;language=DFLT;+smcp;mapping=tex-
text;"

LaTeX Info: Redefining \rmfamily on input line 49.

("C:\Users\srv_veralab\AppData\Local\Programs\MiKTeX 2.9\tex/latex/natbib\natbi
b.sty"
Package: natbib 2010/09/13 8.31b (PWD, AO)
\bibhang=\skip129
\bibsep=\skip130
LaTeX Info: Redefining \cite on input line 694.
\c@NAT@ctr=\count356
)
No file pawan_thesis.aux.
\openout1 = `pawan_thesis.aux'.

LaTeX Font Info:    Checking defaults for OML/cmm/m/it on input line 130.
LaTeX Font Info:    ... okay on input line 130.
LaTeX Font Info:    Checking defaults for T1/cmr/m/n on input line 130.
LaTeX Font Info:    ... okay on input line 130.
LaTeX Font Info:    Checking defaults for OT1/cmr/m/n on input line 130.
LaTeX Font Info:    ... okay on input line 130.
LaTeX Font Info:    Checking defaults for OMS/cmsy/m/n on input line 130.
LaTeX Font Info:    ... okay on input line 130.
LaTeX Font Info:    Checking defaults for TU/lmr/m/n on input line 130.
LaTeX Font Info:    ... okay on input line 130.
LaTeX Font Info:    Checking defaults for OMX/cmex/m/n on input line 130.
LaTeX Font Info:    ... okay on input line 130.
LaTeX Font Info:    Checking defaults for U/cmr/m/n on input line 130.
LaTeX Font Info:    ... okay on input line 130.
LaTeX Font Info:    Checking defaults for PD1/pdf/m/n on input line 130.
LaTeX Font Info:    ... okay on input line 130.
LaTeX Font Info:    Checking defaults for PU/pdf/m/n on input line 130.
LaTeX Font Info:    ... okay on input line 130.
*geometry* detected driver: pdftex
*geometry* verbose mode - [ preamble ] result:
* driver: pdftex
* paper: letterpaper
* layout: <same size as paper>
* layoutoffset:(h,v)=(0.0pt,0.0pt)
* modes: 
* h-part:(L,W,R)=(72.26999pt, 469.75502pt, 72.26999pt)
* v-part:(T,H,B)=(72.26999pt, 650.43001pt, 72.26999pt)
* \paperwidth=614.295pt
* \paperheight=794.96999pt
* \textwidth=469.75502pt
* \textheight=650.43001pt
* \oddsidemargin=0.0pt
* \evensidemargin=0.0pt
* \topmargin=-31.8738pt
* \headheight=12.0pt
* \headsep=19.8738pt
* \topskip=12.0pt
* \footskip=30.0pt
* \marginparwidth=47.0pt
* \marginparsep=7.0pt
* \columnsep=10.0pt
* \skip\footins=10.8pt plus 4.0pt minus 2.0pt
* \hoffset=0.0pt
* \voffset=0.0pt
* \mag=1000
* \@twocolumnfalse
* \@twosidefalse
* \@mparswitchfalse
* \@reversemarginfalse
* (1in=72.27pt=25.4mm, 1cm=28.453pt)

Package lastpage Info: Please have a look at the pageslts package at
(lastpage)             https://www.ctan.org/pkg/pageslts
(lastpage)             ! on input line 130.
LaTeX Info: Redefining \microtypecontext on input line 130.
Package microtype Info: Character protrusion enabled (level 2).
Package microtype Info: Using default protrusion set `alltext'.
Package microtype Info: No adjustment of tracking.
Package microtype Info: No adjustment of spacing.
Package microtype Info: No adjustment of kerning.
Package microtype Info: Loading generic protrusion settings for font family
(microtype)             `TimesNewRoman' (encoding: TU).
(microtype)             For optimal results, create family-specific settings.
(microtype)             See the microtype manual for details.
\AtBeginShipoutBox=\box69
Package hyperref Info: Link coloring OFF on input line 130.

("C:\Users\srv_veralab\AppData\Local\Programs\MiKTeX 2.9\tex/latex/hyperref\nam
eref.sty"
Package: nameref 2016/05/21 v2.44 Cross-referencing by name of section

("C:\Users\srv_veralab\AppData\Local\Programs\MiKTeX 2.9\tex/generic/oberdiek\g
ettitlestring.sty"
Package: gettitlestring 2016/05/16 v1.5 Cleanup title references (HO)
)
\c@section@level=\count357
)
LaTeX Info: Redefining \ref on input line 130.
LaTeX Info: Redefining \pageref on input line 130.
LaTeX Info: Redefining \nameref on input line 130.
\@outlinefile=\write4
\openout4 = `pawan_thesis.out'.



Package hyperref Warning: Rerun to get /PageLabels entry.

Package ragged2e Info: ABD: executing \RaggedRight on input line 130.
ABD: EverySelectfont initializing macros
LaTeX Info: Redefining \selectfont on input line 130.
Package caption Info: Begin \AtBeginDocument code.
Package caption Info: End \AtBeginDocument code.
 ABD: EveryShipout initializing macros
\docmute@nestinglevel=\count358
*geometry* verbose mode - [ newgeometry ] result:
* driver: pdftex
* paper: letterpaper
* layout: <same size as paper>
* layoutoffset:(h,v)=(0.0pt,0.0pt)
* modes: 
* h-part:(L,W,R)=(72.26999pt, 469.75502pt, 72.26999pt)
* v-part:(T,H,B)=(144.54pt, 578.16pt, 72.26999pt)
* \paperwidth=614.295pt
* \paperheight=794.96999pt
* \textwidth=469.75502pt
* \textheight=578.16pt
* \oddsidemargin=0.0pt
* \evensidemargin=0.0pt
* \topmargin=40.39621pt
* \headheight=12.0pt
* \headsep=19.8738pt
* \topskip=12.0pt
* \footskip=30.0pt
* \marginparwidth=47.0pt
* \marginparsep=7.0pt
* \columnsep=10.0pt
* \skip\footins=10.8pt plus 4.0pt minus 2.0pt
* \hoffset=0.0pt
* \voffset=0.0pt
* \mag=1000
* \@twocolumnfalse
* \@twosidefalse
* \@mparswitchfalse
* \@reversemarginfalse
* (1in=72.27pt=25.4mm, 1cm=28.453pt)


("C:\Users\srv_veralab\AppData\Local\Programs\MiKTeX 2.9\tex/generic/oberdiek\s
e-ascii-print.def"
File: se-ascii-print.def 2016/05/16 v1.11 stringenc: Printable ASCII characters

) [1



] [1

]
*geometry* verbose mode - [ newgeometry ] result:
* driver: pdftex
* paper: letterpaper
* layout: <same size as paper>
* layoutoffset:(h,v)=(0.0pt,0.0pt)
* modes: 
* h-part:(L,W,R)=(72.26999pt, 469.75502pt, 72.26999pt)
* v-part:(T,H,B)=(144.54pt, 578.16pt, 72.26999pt)
* \paperwidth=614.295pt
* \paperheight=794.96999pt
* \textwidth=469.75502pt
* \textheight=578.16pt
* \oddsidemargin=0.0pt
* \evensidemargin=0.0pt
* \topmargin=40.39621pt
* \headheight=12.0pt
* \headsep=19.8738pt
* \topskip=12.0pt
* \footskip=30.0pt
* \marginparwidth=47.0pt
* \marginparsep=7.0pt
* \columnsep=10.0pt
* \skip\footins=10.8pt plus 4.0pt minus 2.0pt
* \hoffset=0.0pt
* \voffset=0.0pt
* \mag=1000
* \@twocolumnfalse
* \@twosidefalse
* \@mparswitchfalse
* \@reversemarginfalse
* (1in=72.27pt=25.4mm, 1cm=28.453pt)

 [1

] [1

]
*geometry* verbose mode - [ newgeometry ] result:
* driver: pdftex
* paper: letterpaper
* layout: <same size as paper>
* layoutoffset:(h,v)=(0.0pt,0.0pt)
* modes: 
* h-part:(L,W,R)=(72.26999pt, 469.75502pt, 72.26999pt)
* v-part:(T,H,B)=(0.0pt, 794.96999pt, 0.0pt)
* \paperwidth=614.295pt
* \paperheight=794.96999pt
* \textwidth=469.75502pt
* \textheight=794.96999pt
* \oddsidemargin=0.0pt
* \evensidemargin=0.0pt
* \topmargin=-104.14378pt
* \headheight=12.0pt
* \headsep=19.8738pt
* \topskip=12.0pt
* \footskip=30.0pt
* \marginparwidth=47.0pt
* \marginparsep=7.0pt
* \columnsep=10.0pt
* \skip\footins=10.8pt plus 4.0pt minus 2.0pt
* \hoffset=0.0pt
* \voffset=0.0pt
* \mag=1000
* \@twocolumnfalse
* \@twosidefalse
* \@mparswitchfalse
* \@reversemarginfalse
* (1in=72.27pt=25.4mm, 1cm=28.453pt)

 [2

] [2

]
*geometry* verbose mode - [ newgeometry ] result:
* driver: pdftex
* paper: letterpaper
* layout: <same size as paper>
* layoutoffset:(h,v)=(0.0pt,0.0pt)
* modes: 
* h-part:(L,W,R)=(72.26999pt, 469.75502pt, 72.26999pt)
* v-part:(T,H,B)=(144.54pt, 578.16pt, 72.26999pt)
* \paperwidth=614.295pt
* \paperheight=794.96999pt
* \textwidth=469.75502pt
* \textheight=578.16pt
* \oddsidemargin=0.0pt
* \evensidemargin=0.0pt
* \topmargin=40.39621pt
* \headheight=12.0pt
* \headsep=19.8738pt
* \topskip=12.0pt
* \footskip=30.0pt
* \marginparwidth=47.0pt
* \marginparsep=7.0pt
* \columnsep=10.0pt
* \skip\footins=10.8pt plus 4.0pt minus 2.0pt
* \hoffset=0.0pt
* \voffset=0.0pt
* \mag=1000
* \@twocolumnfalse
* \@twosidefalse
* \@mparswitchfalse
* \@reversemarginfalse
* (1in=72.27pt=25.4mm, 1cm=28.453pt)



LaTeX Warning: Reference `LastPage' on page iii undefined on input line 138.


Package totcount Warning: Rerun to get correct total counts on input line 138.

LaTeX Font Info:    Try loading font information for OT1+ztmcm on input line 13
8.

("C:\Users\srv_veralab\AppData\Local\Programs\MiKTeX 2.9\tex/latex/psnfss\ot1zt
mcm.fd"
File: ot1ztmcm.fd 2000/01/03 Fontinst v1.801 font definitions for OT1/ztmcm.
)
Package microtype Info: Loading generic protrusion settings for font family
(microtype)             `ztmcm' (encoding: OT1).
(microtype)             For optimal results, create family-specific settings.
(microtype)             See the microtype manual for details.
LaTeX Font Info:    Try loading font information for OML+ztmcm on input line 13
8.

("C:\Users\srv_veralab\AppData\Local\Programs\MiKTeX 2.9\tex/latex/psnfss\omlzt
mcm.fd"
File: omlztmcm.fd 2000/01/03 Fontinst v1.801 font definitions for OML/ztmcm.
)
LaTeX Font Info:    Try loading font information for OMS+ztmcm on input line 13
8.

("C:\Users\srv_veralab\AppData\Local\Programs\MiKTeX 2.9\tex/latex/psnfss\omszt
mcm.fd"
File: omsztmcm.fd 2000/01/03 Fontinst v1.801 font definitions for OMS/ztmcm.
)
LaTeX Font Info:    Try loading font information for OMX+ztmcm on input line 13
8.

("C:\Users\srv_veralab\AppData\Local\Programs\MiKTeX 2.9\tex/latex/psnfss\omxzt
mcm.fd"
File: omxztmcm.fd 2000/01/03 Fontinst v1.801 font definitions for OMX/ztmcm.
)
LaTeX Font Info:    Try loading font information for OT1+ptm on input line 138.


("C:\Users\srv_veralab\AppData\Local\Programs\MiKTeX 2.9\tex/latex/psnfss\ot1pt
m.fd"
File: ot1ptm.fd 2001/06/04 font definitions for OT1/ptm.
)
LaTeX Font Info:    Font shape `OT1/ptm/bx/n' in size <12> not available
(Font)              Font shape `OT1/ptm/b/n' tried instead on input line 138.

("C:\Users\srv_veralab\AppData\Local\Programs\MiKTeX 2.9\tex/latex/microtype\mt
-ptm.cfg"
File: mt-ptm.cfg 2006/04/20 v1.7 microtype config. file: Times (RS)
)
LaTeX Font Info:    Font shape `OT1/ptm/bx/n' in size <9> not available
(Font)              Font shape `OT1/ptm/b/n' tried instead on input line 138.
LaTeX Font Info:    Font shape `OT1/ptm/bx/n' in size <7> not available
(Font)              Font shape `OT1/ptm/b/n' tried instead on input line 138.


Package totcount Warning: Rerun to get correct total counts on input line 138.

[3

] [3

]
*geometry* verbose mode - [ newgeometry ] result:
* driver: pdftex
* paper: letterpaper
* layout: <same size as paper>
* layoutoffset:(h,v)=(0.0pt,0.0pt)
* modes: 
* h-part:(L,W,R)=(72.26999pt, 469.75502pt, 72.26999pt)
* v-part:(T,H,B)=(144.54pt, 578.16pt, 72.26999pt)
* \paperwidth=614.295pt
* \paperheight=794.96999pt
* \textwidth=469.75502pt
* \textheight=578.16pt
* \oddsidemargin=0.0pt
* \evensidemargin=0.0pt
* \topmargin=40.39621pt
* \headheight=12.0pt
* \headsep=19.8738pt
* \topskip=12.0pt
* \footskip=30.0pt
* \marginparwidth=47.0pt
* \marginparsep=7.0pt
* \columnsep=10.0pt
* \skip\footins=10.8pt plus 4.0pt minus 2.0pt
* \hoffset=0.0pt
* \voffset=0.0pt
* \mag=1000
* \@twocolumnfalse
* \@twosidefalse
* \@mparswitchfalse
* \@reversemarginfalse
* (1in=72.27pt=25.4mm, 1cm=28.453pt)

 [4

] [4

]
*geometry* verbose mode - [ newgeometry ] result:
* driver: pdftex
* paper: letterpaper
* layout: <same size as paper>
* layoutoffset:(h,v)=(0.0pt,0.0pt)
* modes: 
* h-part:(L,W,R)=(72.26999pt, 469.75502pt, 72.26999pt)
* v-part:(T,H,B)=(144.54pt, 578.16pt, 72.26999pt)
* \paperwidth=614.295pt
* \paperheight=794.96999pt
* \textwidth=469.75502pt
* \textheight=578.16pt
* \oddsidemargin=0.0pt
* \evensidemargin=0.0pt
* \topmargin=40.39621pt
* \headheight=12.0pt
* \headsep=19.8738pt
* \topskip=12.0pt
* \footskip=30.0pt
* \marginparwidth=47.0pt
* \marginparsep=7.0pt
* \columnsep=10.0pt
* \skip\footins=10.8pt plus 4.0pt minus 2.0pt
* \hoffset=0.0pt
* \voffset=0.0pt
* \mag=1000
* \@twocolumnfalse
* \@twosidefalse
* \@mparswitchfalse
* \@reversemarginfalse
* (1in=72.27pt=25.4mm, 1cm=28.453pt)


Overfull \hbox (9.94052pt too wide) in paragraph at lines 138--138
[]\TU/TimesNewRoman(0)/m/n/12 I would like to express my sincere gratitude to m
y supervisor Andreas Hanke, who groomed 
 []

[5

] [5

]
*geometry* verbose mode - [ newgeometry ] result:
* driver: pdftex
* paper: letterpaper
* layout: <same size as paper>
* layoutoffset:(h,v)=(0.0pt,0.0pt)
* modes: 
* h-part:(L,W,R)=(72.26999pt, 469.75502pt, 72.26999pt)
* v-part:(T,H,B)=(81.30374pt, 641.39626pt, 72.26999pt)
* \paperwidth=614.295pt
* \paperheight=794.96999pt
* \textwidth=469.75502pt
* \textheight=641.39626pt
* \oddsidemargin=0.0pt
* \evensidemargin=0.0pt
* \topmargin=-22.84004pt
* \headheight=12.0pt
* \headsep=19.8738pt
* \topskip=12.0pt
* \footskip=30.0pt
* \marginparwidth=47.0pt
* \marginparsep=7.0pt
* \columnsep=10.0pt
* \skip\footins=10.8pt plus 4.0pt minus 2.0pt
* \hoffset=0.0pt
* \voffset=0.0pt
* \mag=1000
* \@twocolumnfalse
* \@twosidefalse
* \@mparswitchfalse
* \@reversemarginfalse
* (1in=72.27pt=25.4mm, 1cm=28.453pt)

\tf@toc=\write5
\openout5 = `pawan_thesis.toc'.

 [6


]
*geometry* verbose mode - [ newgeometry ] result:
* driver: pdftex
* paper: letterpaper
* layout: <same size as paper>
* layoutoffset:(h,v)=(0.0pt,0.0pt)
* modes: 
* h-part:(L,W,R)=(72.26999pt, 469.75502pt, 72.26999pt)
* v-part:(T,H,B)=(81.30374pt, 641.39626pt, 72.26999pt)
* \paperwidth=614.295pt
* \paperheight=794.96999pt
* \textwidth=469.75502pt
* \textheight=641.39626pt
* \oddsidemargin=0.0pt
* \evensidemargin=0.0pt
* \topmargin=-22.84004pt
* \headheight=12.0pt
* \headsep=19.8738pt
* \topskip=12.0pt
* \footskip=30.0pt
* \marginparwidth=47.0pt
* \marginparsep=7.0pt
* \columnsep=10.0pt
* \skip\footins=10.8pt plus 4.0pt minus 2.0pt
* \hoffset=0.0pt
* \voffset=0.0pt
* \mag=1000
* \@twocolumnfalse
* \@twosidefalse
* \@mparswitchfalse
* \@reversemarginfalse
* (1in=72.27pt=25.4mm, 1cm=28.453pt)

\tf@lot=\write6
\openout6 = `pawan_thesis.lot'.

 [7



] [7

]
*geometry* verbose mode - [ newgeometry ] result:
* driver: pdftex
* paper: letterpaper
* layout: <same size as paper>
* layoutoffset:(h,v)=(0.0pt,0.0pt)
* modes: 
* h-part:(L,W,R)=(72.26999pt, 469.75502pt, 72.26999pt)
* v-part:(T,H,B)=(81.30374pt, 641.39626pt, 72.26999pt)
* \paperwidth=614.295pt
* \paperheight=794.96999pt
* \textwidth=469.75502pt
* \textheight=641.39626pt
* \oddsidemargin=0.0pt
* \evensidemargin=0.0pt
* \topmargin=-22.84004pt
* \headheight=12.0pt
* \headsep=19.8738pt
* \topskip=12.0pt
* \footskip=30.0pt
* \marginparwidth=47.0pt
* \marginparsep=7.0pt
* \columnsep=10.0pt
* \skip\footins=10.8pt plus 4.0pt minus 2.0pt
* \hoffset=0.0pt
* \voffset=0.0pt
* \mag=1000
* \@twocolumnfalse
* \@twosidefalse
* \@mparswitchfalse
* \@reversemarginfalse
* (1in=72.27pt=25.4mm, 1cm=28.453pt)

\tf@lof=\write7
\openout7 = `pawan_thesis.lof'.

 [8


]
CHAPTER I.

Package natbib Warning: Citation `watson1953structure' on page 1 undefined on i
nput line 161.


LaTeX Warning: Reference `fig:DNA structure' on page 1 undefined on input line 
161.


Package natbib Warning: Citation `Calladine:2004' on page 1 undefined on input 
line 161.


Package natbib Warning: Citation `hanke2013denaturation' on page 1 undefined on
 input line 161.


Package natbib Warning: Citation `sugimoto1996improved' on page 1 undefined on 
input line 166.


Package natbib Warning: Citation `ivanov2004statistical' on page 1 undefined on
 input line 166.

[1



] [2]
File: dna_structure.eps Graphic file (type eps)
<dna_structure.eps>


Package natbib Warning: Citation `watson1953structure' on page 3 undefined on i
nput line 173.


Package natbib Warning: Citation `watson1953structure' on page 3 undefined on i
nput line 173.

[3]

Package natbib Warning: Citation `Alberts:2015' on page 4 undefined on input li
ne 180.


Package natbib Warning: Citation `peyrard2004nonlinear' on page 4 undefined on 
input line 180.


Package natbib Warning: Citation `dauxois1995entropy' on page 4 undefined on in
put line 180.


LaTeX Warning: Reference `fig:DNA thermal melting' on page 4 undefined on input
 line 180.


Package natbib Warning: Citation `DB:1991' on page 4 undefined on input line 18
0.


Package natbib Warning: Citation `Wartell:1985' on page 4 undefined on input li
ne 181.

File: dna_thermal_melting.eps Graphic file (type eps)
<dna_thermal_melting.eps>

LaTeX Warning: `!h' float specifier changed to `!ht'.

[4]

Package natbib Warning: Citation `Strick:2003' on page 5 undefined on input lin
e 191.


LaTeX Warning: Reference `fig:DNA stretching' on page 5 undefined on input line
 191.


Package natbib Warning: Citation `Smith:1996' on page 5 undefined on input line
 194.


Package natbib Warning: Citation `CS:2000' on page 5 undefined on input line 19
4.


Package natbib Warning: Citation `Strick:2003' on page 5 undefined on input lin
e 194.


Package natbib Warning: Citation `C:2010' on page 5 undefined on input line 194
.


LaTeX Warning: Reference `fig:DNA overstretching' on page 5 undefined on input 
line 194.


Package natbib Warning: Citation `Smith:1996' on page 5 undefined on input line
 194.


Package natbib Warning: Citation `CS:2000' on page 5 undefined on input line 19
4.


Package natbib Warning: Citation `Strick:2003' on page 5 undefined on input lin
e 194.


Package natbib Warning: Citation `C:2010' on page 5 undefined on input line 194
.


Package natbib Warning: Citation `C:2010' on page 5 undefined on input line 194
.


Package natbib Warning: Citation `C:2010' on page 5 undefined on input line 195
.

File: dna_overstretching.eps Graphic file (type eps)
<dna_overstretching.eps>
LaTeX Font Info:    Font shape `OT1/ptm/bx/n' in size <10.95> not available
(Font)              Font shape `OT1/ptm/b/n' tried instead on input line 200.
LaTeX Font Info:    Font shape `OT1/ptm/bx/n' in size <8> not available
(Font)              Font shape `OT1/ptm/b/n' tried instead on input line 200.
LaTeX Font Info:    Font shape `OT1/ptm/bx/n' in size <6> not available
(Font)              Font shape `OT1/ptm/b/n' tried instead on input line 200.

Package natbib Warning: Citation `Smith:1996' on page 5 undefined on input line
 200.


Package natbib Warning: Citation `Smith:1996' on page 5 undefined on input line
 200.

[5] [6